Application started @ 2015-11-15 12:29:05.783000
Error on connection: localhost:22
Application exited with failure @ 2015-11-15 12:31:02.504000


Application started @ 2015-11-15 12:37:57.279000
Connection: localhost:22 established successfully
2 directories to be copied...
Test downloaded
SFG downloaded
Source connection status: localhost:22
Connection closed
Application exited successfuly @ 2015-11-15 12:38:41.022000


Application started @ 2015-11-15 12:44:19.604000
Connection: localhost:22 established successfully
2 directories to be copied...
Test downloaded
SFG downloaded
Source connection status: localhost:22
Connection closed
Application exited successfuly @ 2015-11-15 12:44:25.210000


Connection: localhost:22 established successfully
All folders in sync...nothing to do
Source connection status: localhost:22
Connection closed
Application exited successfuly @ 2015-11-15 12:44:39.741000


Connection: localhost:22 established successfully
2 directories to be copied...
Test downloaded
SFG downloaded
Source connection status: localhost:22
Connection closed
Application exited successfuly @ 2015-11-15 12:44:55.771000


Application started @ 2015-11-15 12:56:58.914000
Connection: localhost:22 established successfully
All folders in sync...nothing to do
Source connection status: localhost:22
Connection closed
Application exited successfuly @ 2015-11-15 12:57:02.678000


Connection: localhost:22 established successfully
2 directories to be copied...
Test downloaded
SFG downloaded
Source connection status: localhost:22
Connection closed
Application exited successfuly @ 2015-11-15 12:57:22.755000


Connection: localhost:22 established successfully
All folders in sync...nothing to do
Source connection status: localhost:22
Connection closed
Application exited successfuly @ 2015-11-15 12:57:54.678000


Connection: localhost:22 established successfully
2 directories to be copied...
Test downloaded
SFG downloaded
Source connection status: localhost:22
Connection closed
Application exited successfuly @ 2015-11-15 12:58:20.591000


Application started @ 2015-11-15 12:59:30.252000
Connection: localhost:22 established successfully
All folders in sync...nothing to do
Source connection status: localhost:22
Connection closed
Application exited successfuly @ 2015-11-15 12:59:34.691000


Application started @ 2015-11-15 13:00:41.743000
Connection: localhost:22 established successfully
2 directories to be copied...
Test downloaded
SFG downloaded
Source connection status: localhost:22
Connection closed
Application exited successfuly @ 2015-11-15 13:00:48.496000


Application started @ 2015-11-15 13:03:43.602000
Connection: localhost:22 established successfully
2 directories to be copied...
Test downloaded
SFG downloaded
Source connection status: localhost:22
Connection closed
Application exited successfuly @ 2015-11-15 13:03:50.462000


Application started @ 2015-11-15 13:13:40.997000
Connection: localhost:22 established successfully
All folders in sync...nothing to do
Source connection status: localhost:22
Connection closed
Application exited successfuly @ 2015-11-15 13:13:43.077000


Application started @ 2015-11-15 13:15:05.570000
Connection: localhost:22 established successfully
All folders in sync...nothing to do
Source connection status: localhost:22
Connection closed
Application exited successfuly @ 2015-11-15 13:15:11.655000


Connection: localhost:22 established successfully
1 directories to be copied...
Test downloaded
Source connection status: localhost:22
Connection closed
Application exited successfuly @ 2015-11-15 13:15:26.054000


Application started @ 2015-11-15 13:16:03.589000
Connection: localhost:22 established successfully
2 directories to be copied...
Test downloaded
SFG downloaded
Source connection status: localhost:22
Connection closed
Application exited successfuly @ 2015-11-15 13:16:10.789000


Application started @ 2015-11-15 13:21:53.445000
Connection: localhost:22 established successfully
All folders in sync...nothing to do
Source connection status: localhost:22
Connection closed
Application exited successfuly @ 2015-11-15 13:22:03.051000


