Connection: localhost:22 established successfully
Connection: localhost:33 established successfully
All folders in sync...nothing to do
Source connection statuslocalhost:22
------------------------
Connection closed
Target connection statuslocalhost:33
------------------------
Connection closed
Connection: localhost:22 established successfully
Connection: localhost:33 established successfully
All folders in sync...nothing to do
Source connection statuslocalhost:22
------------------------
Connection closed
Target connection statuslocalhost:33
------------------------
Connection closed
Application started @ 2015-11-08 15:39:21.537000
Connection: localhost:22 established successfully
Connection: localhost:33 established successfully
All folders in sync...nothing to do
Source connection statuslocalhost:22
------------------------
Connection closed
Target connection statuslocalhost:33
------------------------
Connection closed
Application exited successfuly @ 2015-11-08 15:39:23.840000
Application started @ 2015-11-08 15:44:28.756000
Connection: localhost:22 established successfully
Connection: localhost:33 established successfully
1 directories to be copied...
Test downloaded
Source connection statuslocalhost:22
------------------------
Connection closed
Target connection statuslocalhost:33
------------------------
Connection closed


Application exited successfuly @ 2015-11-08 15:44:31.167000
Application started @ 2015-11-08 15:45:13.665000
Connection: localhost:22 established successfully
Connection: localhost:33 established successfully
All folders in sync...nothing to do
Source connection statuslocalhost:22
------------------------
Connection closed
Target connection statuslocalhost:33
------------------------
Connection closed
Application exited successfuly @ 2015-11-08 15:45:15.954000






Application started @ 2015-11-08 15:45:21.584000
Connection: localhost:22 established successfully
Connection: localhost:33 established successfully
All folders in sync...nothing to do
Source connection statuslocalhost:22
------------------------
Connection closed
Target connection statuslocalhost:33
------------------------
Connection closed
Application exited successfuly @ 2015-11-08 15:45:23.871000


Application started @ 2015-11-08 15:45:48.309000
Connection: localhost:22 established successfully
Connection: localhost:33 established successfully
All folders in sync...nothing to do
Source connection statuslocalhost:22
------------------------
Connection closed
Target connection statuslocalhost:33
------------------------
Connection closed
Application exited successfuly @ 2015-11-08 15:45:50.599000


Application started @ 2015-11-08 15:47:05.668000
Connection: localhost:22 established successfully
Connection: localhost:33 established successfully
All folders in sync...nothing to do
Source connection status: localhost:22
Connection closed
Target connection status: localhost:33
Connection closed
Application exited successfuly @ 2015-11-08 15:47:07.958000


Application started @ 2015-11-08 15:47:41.262000
Connection: localhost:22 established successfully
Connection: localhost:33 established successfully
1 directories to be copied...
Test downloaded
Source connection status: localhost:22
Connection closed
Target connection status: localhost:33
Connection closed
Application exited successfuly @ 2015-11-08 15:47:43.647000


Application started @ 2015-11-08 16:01:43.729000
Connection: localhost:22 established successfully
Connection: localhost:33 established successfully
All folders in sync...nothing to do
Source connection status: localhost:22
Connection closed
Target connection status: localhost:33
Connection closed
Application exited successfuly @ 2015-11-08 16:01:46.010000


Application started @ 2015-11-08 20:03:42.140000
Connection: localhost:22 established successfully
Connection: localhost:33 established successfully
All folders in sync...nothing to do
Source connection status: localhost:22
Connection closed
Target connection status: localhost:33
Connection closed
Application exited successfuly @ 2015-11-08 20:03:44.477000


Application started @ 2015-11-08 20:03:59.232000
Connection: localhost:22 established successfully
Connection: localhost:33 established successfully
1 directories to be copied...
Local folder does not exist, creating...
Local folder created...
Test downloaded
Source connection status: localhost:22
Connection closed
Target connection status: localhost:33
Connection closed
Application exited successfuly @ 2015-11-08 20:04:01.646000


Application started @ 2015-11-08 20:04:28.645000
Connection: localhost:22 established successfully
Connection: localhost:33 established successfully
All folders in sync...nothing to do
Source connection status: localhost:22
Connection closed
Target connection status: localhost:33
Connection closed
Application exited successfuly @ 2015-11-08 20:04:30.926000


Application started @ 2015-11-15 22:29:32.222000
Connection: localhost:22 established successfully
Error on connection: localhost:33
Application started @ 2015-11-15 22:29:55.547000
Connection: localhost:22 established successfully
Error on connection: localhost:33
Application started @ 2015-11-15 22:30:32.046000
Connection: localhost:22 established successfully
Error on connection: localhost:33
Application started @ 2015-11-15 22:31:10.893000
Connection: localhost:22 established successfully
Error on connection: localhost:33
Application started @ 2015-11-15 22:32:29.173000
Connection: localhost:22 established successfully
Error on connection: localhost:33
Application started @ 2015-11-15 22:32:35.746000
Connection: localhost:22 established successfully
Error on connection: localhost:33
Application started @ 2015-11-15 22:33:16.402000
Connection: localhost:22 established successfully
Error on connection: localhost:33
Application started @ 2015-11-15 22:35:44.882000
Connection: localhost:22 established successfully
Error on connection: localhost:33
Application started @ 2015-11-15 22:37:50.498000
Error on connection: localhost:22
Connection: localhost:33 established successfully
Application started @ 2015-11-15 22:39:11.018000
Error on connection: localhost:22
Connection: localhost:33 established successfully
Application started @ 2015-11-15 22:40:45.357000
Error on connection: localhost:22
Connection: localhost:33 established successfully
Application started @ 2015-11-15 22:41:42.476000
Application started @ 2015-11-15 22:41:51.001000
Error on connection: localhost:22
Connection: localhost:33 established successfully
Application started @ 2015-11-15 22:42:37.121000
Error on connection: localhost:22
Error on connection: localhost:33
Application started @ 2015-11-15 22:43:38.553000
Error on connection: localhost:22
Error on connection: localhost:33
Application started @ 2015-11-15 22:44:40.786000
Error on connection: localhost:22
Error on connection: localhost:33
